INFO    : Building target print
INFO    : XSL conversion of /home/abhay/Documents/PreTeXt/Algebra-PhD-new/source/main.ptx by /home/abhay/.ptx/2.29.0/core/xsl/utilities/pretext-enhanced-source.xsl
INFO    : successful application of /home/abhay/.ptx/2.29.0/core/xsl/utilities/pretext-enhanced-source.xsl
INFO    : Generating any needed assets.
INFO    : XSL conversion of /home/abhay/Documents/PreTeXt/Algebra-PhD-new/source/main.ptx by /home/abhay/.ptx/2.29.0/core/xsl/utilities/pretext-enhanced-source.xsl
INFO    : successful application of /home/abhay/.ptx/2.29.0/core/xsl/utilities/pretext-enhanced-source.xsl
INFO    : XSL conversion of /home/abhay/Documents/PreTeXt/Algebra-PhD-new/source/main.ptx by /home/abhay/.ptx/2.29.0/core/xsl/utilities/pretext-enhanced-source.xsl
INFO    : successful application of /home/abhay/.ptx/2.29.0/core/xsl/utilities/pretext-enhanced-source.xsl
INFO    : XSL conversion of /home/abhay/Documents/PreTeXt/Algebra-PhD-new/source/main.ptx by /home/abhay/.ptx/2.29.0/core/xsl/utilities/pretext-enhanced-source.xsl
INFO    : successful application of /home/abhay/.ptx/2.29.0/core/xsl/utilities/pretext-enhanced-source.xsl
INFO    : XSL conversion of /home/abhay/Documents/PreTeXt/Algebra-PhD-new/source/main.ptx by /home/abhay/.ptx/2.29.0/core/xsl/utilities/pretext-enhanced-source.xsl
INFO    : successful application of /home/abhay/.ptx/2.29.0/core/xsl/utilities/pretext-enhanced-source.xsl
INFO    : XSL conversion of /home/abhay/Documents/PreTeXt/Algebra-PhD-new/source/main.ptx by /home/abhay/.ptx/2.29.0/core/xsl/utilities/pretext-enhanced-source.xsl
INFO    : successful application of /home/abhay/.ptx/2.29.0/core/xsl/utilities/pretext-enhanced-source.xsl
INFO    : XSL conversion of /home/abhay/Documents/PreTeXt/Algebra-PhD-new/source/main.ptx by /home/abhay/.ptx/2.29.0/core/xsl/utilities/pretext-enhanced-source.xsl
INFO    : successful application of /home/abhay/.ptx/2.29.0/core/xsl/utilities/pretext-enhanced-source.xsl
INFO    : XSL conversion of /home/abhay/Documents/PreTeXt/Algebra-PhD-new/source/main.ptx by /home/abhay/.ptx/2.29.0/core/xsl/utilities/pretext-enhanced-source.xsl
INFO    : successful application of /home/abhay/.ptx/2.29.0/core/xsl/utilities/pretext-enhanced-source.xsl
INFO    : XSL conversion of /home/abhay/Documents/PreTeXt/Algebra-PhD-new/source/main.ptx by /home/abhay/.ptx/2.29.0/core/xsl/utilities/pretext-enhanced-source.xsl
INFO    : successful application of /home/abhay/.ptx/2.29.0/core/xsl/utilities/pretext-enhanced-source.xsl
INFO    : XSL conversion of /home/abhay/Documents/PreTeXt/Algebra-PhD-new/source/main.ptx by /home/abhay/.ptx/2.29.0/core/xsl/utilities/pretext-enhanced-source.xsl
INFO    : successful application of /home/abhay/.ptx/2.29.0/core/xsl/utilities/pretext-enhanced-source.xsl
INFO    : XSL conversion of /home/abhay/Documents/PreTeXt/Algebra-PhD-new/source/main.ptx by /home/abhay/.ptx/2.29.0/core/xsl/utilities/pretext-enhanced-source.xsl
INFO    : successful application of /home/abhay/.ptx/2.29.0/core/xsl/utilities/pretext-enhanced-source.xsl
INFO    : XSL conversion of /home/abhay/Documents/PreTeXt/Algebra-PhD-new/source/main.ptx by /home/abhay/.ptx/2.29.0/core/xsl/utilities/pretext-enhanced-source.xsl
INFO    : successful application of /home/abhay/.ptx/2.29.0/core/xsl/utilities/pretext-enhanced-source.xsl
INFO    : XSL conversion of /home/abhay/Documents/PreTeXt/Algebra-PhD-new/source/main.ptx by /home/abhay/.ptx/2.29.0/core/xsl/utilities/pretext-enhanced-source.xsl
INFO    : successful application of /home/abhay/.ptx/2.29.0/core/xsl/utilities/pretext-enhanced-source.xsl
INFO    : XSL conversion of /home/abhay/Documents/PreTeXt/Algebra-PhD-new/source/main.ptx by /home/abhay/.ptx/2.29.0/core/xsl/utilities/pretext-enhanced-source.xsl
INFO    : successful application of /home/abhay/.ptx/2.29.0/core/xsl/utilities/pretext-enhanced-source.xsl
INFO    : XSL conversion of /home/abhay/Documents/PreTeXt/Algebra-PhD-new/source/main.ptx by /home/abhay/.ptx/2.29.0/core/xsl/utilities/pretext-enhanced-source.xsl
INFO    : successful application of /home/abhay/.ptx/2.29.0/core/xsl/utilities/pretext-enhanced-source.xsl
INFO    : XSL conversion of /home/abhay/Documents/PreTeXt/Algebra-PhD-new/source/main.ptx by /home/abhay/.ptx/2.29.0/core/xsl/utilities/pretext-enhanced-source.xsl
INFO    : successful application of /home/abhay/.ptx/2.29.0/core/xsl/utilities/pretext-enhanced-source.xsl
INFO    : XSL conversion of /home/abhay/Documents/PreTeXt/Algebra-PhD-new/source/main.ptx by /home/abhay/.ptx/2.29.0/core/xsl/utilities/pretext-enhanced-source.xsl
INFO    : successful application of /home/abhay/.ptx/2.29.0/core/xsl/utilities/pretext-enhanced-source.xsl
INFO    : XSL conversion of /home/abhay/Documents/PreTeXt/Algebra-PhD-new/source/main.ptx by /home/abhay/.ptx/2.29.0/core/xsl/utilities/pretext-enhanced-source.xsl
INFO    : successful application of /home/abhay/.ptx/2.29.0/core/xsl/utilities/pretext-enhanced-source.xsl
INFO    : Finished generating assets.

INFO    : Preparing to build into /home/abhay/Documents/PreTeXt/Algebra-PhD-new/output/print.
INFO    : discovering source file's directory name: /home/abhay/Documents/PreTeXt/Algebra-PhD-new/source
INFO    : verifying and expanding input directory: /home/abhay/Documents/PreTeXt/Algebra-PhD-new/source/../generated-assets
INFO    : input directory expanded to absolute path: /home/abhay/Documents/PreTeXt/Algebra-PhD-new/generated-assets
INFO    : verifying and expanding input directory: /home/abhay/Documents/PreTeXt/Algebra-PhD-new/source/../assets
INFO    : input directory expanded to absolute path: /home/abhay/Documents/PreTeXt/Algebra-PhD-new/assets
INFO    : discovering source file's directory name: /home/abhay/Documents/PreTeXt/Algebra-PhD-new/source
INFO    : XSL conversion of /home/abhay/Documents/PreTeXt/Algebra-PhD-new/source/main.ptx by /home/abhay/.ptx/2.29.0/core/xsl/utilities/report-publisher-variables.xsl
INFO    : successful application of /home/abhay/.ptx/2.29.0/core/xsl/utilities/report-publisher-variables.xsl
INFO    : converting /home/abhay/Documents/PreTeXt/Algebra-PhD-new/source/main.ptx to LaTeX as /tmp/ptx-99_4v7yf/main.tex
INFO    : XSL conversion of /home/abhay/Documents/PreTeXt/Algebra-PhD-new/source/main.ptx by /home/abhay/.ptx/2.29.0/core/xsl/pretext-latex.xsl
INFO    : messages from the log for XSL processing:
INFO    : * PTX:INFO:   checking ONLY the last TWO YEARS of element deprecations.
Rerun with the string parameter "author.deprecations.all" set to "yes" to check your source against all deprecations.
INFO    : successful application of /home/abhay/.ptx/2.29.0/core/xsl/pretext-latex.xsl
INFO    : XSL conversion of /home/abhay/Documents/PreTeXt/Algebra-PhD-new/source/main.ptx by /home/abhay/.ptx/2.29.0/core/xsl/utilities/report-publisher-variables.xsl
INFO    : successful application of /home/abhay/.ptx/2.29.0/core/xsl/utilities/report-publisher-variables.xsl
CRITICAL: [Errno 2] No such file or directory: 'main.pdf'
INFO    : ------------------------
CRITICAL: Failed to build without errors.  Exiting...
INFO    : 
----------------------------------------------------
INFO    : While running pretext, the following errors occurred:

INFO    : (see log messages above or in the 'logs' folder for more information)
INFO    : ----------------------------------------------------
