INFO    : Building target web
INFO    : XSL conversion of /home/abhay/Documents/PreTeXt/Algebra-PhD-new/source/main.ptx by /home/abhay/.ptx/2.29.0/core/xsl/utilities/pretext-enhanced-source.xsl
INFO    : successful application of /home/abhay/.ptx/2.29.0/core/xsl/utilities/pretext-enhanced-source.xsl
INFO    : Generating any needed assets.
INFO    : XSL conversion of /home/abhay/Documents/PreTeXt/Algebra-PhD-new/source/main.ptx by /home/abhay/.ptx/2.29.0/core/xsl/utilities/pretext-enhanced-source.xsl
INFO    : successful application of /home/abhay/.ptx/2.29.0/core/xsl/utilities/pretext-enhanced-source.xsl
INFO    : XSL conversion of /home/abhay/Documents/PreTeXt/Algebra-PhD-new/source/main.ptx by /home/abhay/.ptx/2.29.0/core/xsl/utilities/pretext-enhanced-source.xsl
INFO    : successful application of /home/abhay/.ptx/2.29.0/core/xsl/utilities/pretext-enhanced-source.xsl
INFO    : XSL conversion of /home/abhay/Documents/PreTeXt/Algebra-PhD-new/source/main.ptx by /home/abhay/.ptx/2.29.0/core/xsl/utilities/pretext-enhanced-source.xsl
INFO    : successful application of /home/abhay/.ptx/2.29.0/core/xsl/utilities/pretext-enhanced-source.xsl
INFO    : XSL conversion of /home/abhay/Documents/PreTeXt/Algebra-PhD-new/source/main.ptx by /home/abhay/.ptx/2.29.0/core/xsl/utilities/pretext-enhanced-source.xsl
INFO    : successful application of /home/abhay/.ptx/2.29.0/core/xsl/utilities/pretext-enhanced-source.xsl
INFO    : XSL conversion of /home/abhay/Documents/PreTeXt/Algebra-PhD-new/source/main.ptx by /home/abhay/.ptx/2.29.0/core/xsl/utilities/pretext-enhanced-source.xsl
INFO    : successful application of /home/abhay/.ptx/2.29.0/core/xsl/utilities/pretext-enhanced-source.xsl
INFO    : XSL conversion of /home/abhay/Documents/PreTeXt/Algebra-PhD-new/source/main.ptx by /home/abhay/.ptx/2.29.0/core/xsl/utilities/pretext-enhanced-source.xsl
INFO    : successful application of /home/abhay/.ptx/2.29.0/core/xsl/utilities/pretext-enhanced-source.xsl
INFO    : XSL conversion of /home/abhay/Documents/PreTeXt/Algebra-PhD-new/source/main.ptx by /home/abhay/.ptx/2.29.0/core/xsl/utilities/pretext-enhanced-source.xsl
INFO    : successful application of /home/abhay/.ptx/2.29.0/core/xsl/utilities/pretext-enhanced-source.xsl
INFO    : XSL conversion of /home/abhay/Documents/PreTeXt/Algebra-PhD-new/source/main.ptx by /home/abhay/.ptx/2.29.0/core/xsl/utilities/pretext-enhanced-source.xsl
INFO    : successful application of /home/abhay/.ptx/2.29.0/core/xsl/utilities/pretext-enhanced-source.xsl
INFO    : XSL conversion of /home/abhay/Documents/PreTeXt/Algebra-PhD-new/source/main.ptx by /home/abhay/.ptx/2.29.0/core/xsl/utilities/pretext-enhanced-source.xsl
INFO    : successful application of /home/abhay/.ptx/2.29.0/core/xsl/utilities/pretext-enhanced-source.xsl
INFO    : XSL conversion of /home/abhay/Documents/PreTeXt/Algebra-PhD-new/source/main.ptx by /home/abhay/.ptx/2.29.0/core/xsl/utilities/pretext-enhanced-source.xsl
INFO    : successful application of /home/abhay/.ptx/2.29.0/core/xsl/utilities/pretext-enhanced-source.xsl
INFO    : XSL conversion of /home/abhay/Documents/PreTeXt/Algebra-PhD-new/source/main.ptx by /home/abhay/.ptx/2.29.0/core/xsl/utilities/pretext-enhanced-source.xsl
INFO    : successful application of /home/abhay/.ptx/2.29.0/core/xsl/utilities/pretext-enhanced-source.xsl
INFO    : XSL conversion of /home/abhay/Documents/PreTeXt/Algebra-PhD-new/source/main.ptx by /home/abhay/.ptx/2.29.0/core/xsl/utilities/pretext-enhanced-source.xsl
INFO    : successful application of /home/abhay/.ptx/2.29.0/core/xsl/utilities/pretext-enhanced-source.xsl
INFO    : XSL conversion of /home/abhay/Documents/PreTeXt/Algebra-PhD-new/source/main.ptx by /home/abhay/.ptx/2.29.0/core/xsl/utilities/pretext-enhanced-source.xsl
INFO    : successful application of /home/abhay/.ptx/2.29.0/core/xsl/utilities/pretext-enhanced-source.xsl
INFO    : XSL conversion of /home/abhay/Documents/PreTeXt/Algebra-PhD-new/source/main.ptx by /home/abhay/.ptx/2.29.0/core/xsl/utilities/pretext-enhanced-source.xsl
INFO    : successful application of /home/abhay/.ptx/2.29.0/core/xsl/utilities/pretext-enhanced-source.xsl
INFO    : XSL conversion of /home/abhay/Documents/PreTeXt/Algebra-PhD-new/source/main.ptx by /home/abhay/.ptx/2.29.0/core/xsl/utilities/pretext-enhanced-source.xsl
INFO    : successful application of /home/abhay/.ptx/2.29.0/core/xsl/utilities/pretext-enhanced-source.xsl
INFO    : XSL conversion of /home/abhay/Documents/PreTeXt/Algebra-PhD-new/source/main.ptx by /home/abhay/.ptx/2.29.0/core/xsl/utilities/pretext-enhanced-source.xsl
INFO    : successful application of /home/abhay/.ptx/2.29.0/core/xsl/utilities/pretext-enhanced-source.xsl
INFO    : XSL conversion of /home/abhay/Documents/PreTeXt/Algebra-PhD-new/source/main.ptx by /home/abhay/.ptx/2.29.0/core/xsl/utilities/pretext-enhanced-source.xsl
INFO    : successful application of /home/abhay/.ptx/2.29.0/core/xsl/utilities/pretext-enhanced-source.xsl
INFO    : Finished generating assets.

INFO    : Preparing to build into /home/abhay/Documents/PreTeXt/Algebra-PhD-new/output/web.
INFO    : discovering source file's directory name: /home/abhay/Documents/PreTeXt/Algebra-PhD-new/source
INFO    : verifying and expanding input directory: /home/abhay/Documents/PreTeXt/Algebra-PhD-new/source/../generated-assets
INFO    : input directory expanded to absolute path: /home/abhay/Documents/PreTeXt/Algebra-PhD-new/generated-assets
INFO    : verifying and expanding input directory: /home/abhay/Documents/PreTeXt/Algebra-PhD-new/source/../assets
INFO    : input directory expanded to absolute path: /home/abhay/Documents/PreTeXt/Algebra-PhD-new/assets
INFO    : discovering source file's directory name: /home/abhay/Documents/PreTeXt/Algebra-PhD-new/source
INFO    : XSL conversion of /home/abhay/Documents/PreTeXt/Algebra-PhD-new/source/main.ptx by /home/abhay/.ptx/2.29.0/core/xsl/utilities/report-publisher-variables.xsl
INFO    : successful application of /home/abhay/.ptx/2.29.0/core/xsl/utilities/report-publisher-variables.xsl
INFO    : Downloading rs services file from https://runestone.academy/cdn/runestone/latest/webpack_static_imports.xml.
INFO    : Runestone Services via online CDN query: version 7.9.10
INFO    : Downloading Runestone Services, version 7.9.10
INFO    : Extracting Runestone Services from archive file
INFO    : Building custom css theme: theme-greenley
ERROR   : Selected target not found

CRITICAL: Failed to build custom theme
INFO    : ------------------------
CRITICAL: Failed to build without errors.  Exiting...
INFO    : 
----------------------------------------------------
INFO    : While running pretext, the following errors occurred:

INFO    : (see log messages above or in the 'logs' folder for more information)
INFO    : ----------------------------------------------------
