INFO    : Since no target was supplied, we will use "web".

INFO    : Building target web
INFO    : XSL conversion of D:\PreTeXt\Algebra-PhD-new\source\main.ptx by C:\Users\Abhay\.ptx\2.29.0\core\xsl\utilities\pretext-enhanced-source.xsl
INFO    : successful application of C:\Users\Abhay\.ptx\2.29.0\core\xsl\utilities\pretext-enhanced-source.xsl
INFO    : Generating any needed assets.
INFO    : converting latex-image pictures from D:\PreTeXt\Algebra-PhD-new\source\main.ptx to svg graphics for placement in D:\PreTeXt\Algebra-PhD-new\generated-assets\latex-image
INFO    : extracting latex-image pictures from D:\PreTeXt\Algebra-PhD-new\source\main.ptx
INFO    : string parameters passed to extraction stylesheet: {'cli.version': '2.29', 'publisher': 'D:/PreTeXt/Algebra-PhD-new/publication/publication.ptx'}
INFO    : discovering source file's directory name: D:\PreTeXt\Algebra-PhD-new\source
INFO    : verifying and expanding input directory: D:\PreTeXt\Algebra-PhD-new\source\../generated-assets
INFO    : input directory expanded to absolute path: D:\PreTeXt\Algebra-PhD-new\generated-assets
INFO    : verifying and expanding input directory: D:\PreTeXt\Algebra-PhD-new\source\../assets
INFO    : input directory expanded to absolute path: D:\PreTeXt\Algebra-PhD-new\assets
INFO    : XSL conversion of D:\PreTeXt\Algebra-PhD-new\source\main.ptx by C:\Users\Abhay\.ptx\2.29.0\core\xsl\extract-latex-image.xsl
INFO    : messages from the log for XSL processing:
INFO    : * PTX:INFO:   checking ONLY the last TWO YEARS of element deprecations.
Rerun with the string parameter "author.deprecations.all" set to "yes" to check your source against all deprecations.
INFO    : successful application of C:\Users\Abhay\.ptx\2.29.0\core\xsl\extract-latex-image.xsl
INFO    : converting fig-factorization-criterion-2.tex to fig-factorization-criterion-2.pdf
ERROR   : LaTeX compilation of fig-factorization-criterion-2.tex failed.
Re-run, requesting "source" as the format, to analyze the image.
Likely creating the entire document as PDF will fail similarly.
The transcript of the LaTeX run follows.
WARNING : LaTeX compilation of fig-factorization-criterion-2.tex failed
INFO    : converting fig-universal-property-group-algebra-2.tex to fig-universal-property-group-algebra-2.pdf
ERROR   : LaTeX compilation of fig-universal-property-group-algebra-2.tex failed.
Re-run, requesting "source" as the format, to analyze the image.
Likely creating the entire document as PDF will fail similarly.
The transcript of the LaTeX run follows.
WARNING : LaTeX compilation of fig-universal-property-group-algebra-2.tex failed
INFO    : converting fig-universal-property-of-direct-sum-2.tex to fig-universal-property-of-direct-sum-2.pdf
ERROR   : LaTeX compilation of fig-universal-property-of-direct-sum-2.tex failed.
Re-run, requesting "source" as the format, to analyze the image.
Likely creating the entire document as PDF will fail similarly.
The transcript of the LaTeX run follows.
WARNING : LaTeX compilation of fig-universal-property-of-direct-sum-2.tex failed
ERROR   : Unable to generate some latex-image assets:
 LaTeX compilation failed for 3 "latex-image"(s).
Review the log for error messages, and LaTeX transcripts.
Images are:
  fig-factorization-criterion-2.tex
  fig-universal-property-group-algebra-2.tex
  fig-universal-property-of-direct-sum-2.tex
INFO    : Removing temporary directory C:\Users\Abhay\AppData\Local\Temp\ptx-ofw4i9g6
INFO    : Finished generating assets.

INFO    : Preparing to build into D:\PreTeXt\Algebra-PhD-new\output\web.
INFO    : XSL conversion of D:\PreTeXt\Algebra-PhD-new\source\main.ptx by C:\Users\Abhay\.ptx\2.29.0\core\xsl\utilities\report-publisher-variables.xsl
INFO    : successful application of C:\Users\Abhay\.ptx\2.29.0\core\xsl\utilities\report-publisher-variables.xsl
INFO    : Downloading rs services file from https://runestone.academy/cdn/runestone/latest/webpack_static_imports.xml.
INFO    : Runestone Services via online CDN query: version 7.9.12
INFO    : Downloading Runestone Services, version 7.9.12
INFO    : Extracting Runestone Services from archive file
INFO    : Building custom css theme: theme-tacoma
INFO    : converting D:\PreTeXt\Algebra-PhD-new\source\main.ptx to HTML in C:\Users\Abhay\AppData\Local\Temp\ptx-0sn27_jj
INFO    : XSL conversion of D:\PreTeXt\Algebra-PhD-new\source\main.ptx by C:\Users\Abhay\.ptx\2.29.0\core\xsl\pretext-html.xsl
INFO    : successful application of C:\Users\Abhay\.ptx\2.29.0\core\xsl\pretext-html.xsl
INFO    : Removing temporary directory C:\Users\Abhay\AppData\Local\Temp\ptx-0sn27_jj
INFO    : Removing temporary directory C:\Users\Abhay\AppData\Local\Temp\ptx-481yp7sb
INFO    : 
Finished build for target web. Run `pretext view web` to see the results.

CRITICAL: There were errors during the build.  See above.
INFO    : ------------------------
CRITICAL: Failed to build without errors.  Exiting...
INFO    : 
----------------------------------------------------
INFO    : While running pretext, the following errors occurred:

INFO    : (see log messages above or in the 'logs' folder for more information)
INFO    : ----------------------------------------------------
