INFO    : Since no target was supplied, we will use "web".

INFO    : Building target web
INFO    : XSL conversion of D:\PreTeXt\Algebra-PhD-new\source\main.ptx by C:\Users\Abhay\.ptx\2.29.0\core\xsl\utilities\pretext-enhanced-source.xsl
INFO    : successful application of C:\Users\Abhay\.ptx\2.29.0\core\xsl\utilities\pretext-enhanced-source.xsl
INFO    : Generating any needed assets.
INFO    : converting latex-image pictures from D:\PreTeXt\Algebra-PhD-new\source\main.ptx to svg graphics for placement in D:\PreTeXt\Algebra-PhD-new\generated-assets\latex-image
INFO    : extracting latex-image pictures from D:\PreTeXt\Algebra-PhD-new\source\main.ptx
INFO    : string parameters passed to extraction stylesheet: {'cli.version': '2.29', 'publisher': 'D:/PreTeXt/Algebra-PhD-new/publication/publication.ptx'}
INFO    : discovering source file's directory name: D:\PreTeXt\Algebra-PhD-new\source
INFO    : verifying and expanding input directory: D:\PreTeXt\Algebra-PhD-new\source\../generated-assets
INFO    : input directory expanded to absolute path: D:\PreTeXt\Algebra-PhD-new\generated-assets
INFO    : verifying and expanding input directory: D:\PreTeXt\Algebra-PhD-new\source\../assets
INFO    : input directory expanded to absolute path: D:\PreTeXt\Algebra-PhD-new\assets
INFO    : XSL conversion of D:\PreTeXt\Algebra-PhD-new\source\main.ptx by C:\Users\Abhay\.ptx\2.29.0\core\xsl\extract-latex-image.xsl
INFO    : messages from the log for XSL processing:
INFO    : * PTX:INFO:   checking ONLY the last TWO YEARS of element deprecations.
Rerun with the string parameter "author.deprecations.all" set to "yes" to check your source against all deprecations.
INFO    : successful application of C:\Users\Abhay\.ptx\2.29.0\core\xsl\extract-latex-image.xsl
INFO    : converting fig-factorization-criterion-2.tex to fig-factorization-criterion-2.pdf
INFO    : cropping fig-factorization-criterion-2.pdf to cropped-fig-factorization-criterion-2.pdf
INFO    : renaming cropped-fig-factorization-criterion-2.pdf to fig-factorization-criterion-2.pdf
INFO    : converting fig-factorization-criterion-2.pdf to fig-factorization-criterion-2.svg
INFO    : converting fig-universal-property-group-algebra-2.tex to fig-universal-property-group-algebra-2.pdf
INFO    : cropping fig-universal-property-group-algebra-2.pdf to cropped-fig-universal-property-group-algebra-2.pdf
INFO    : renaming cropped-fig-universal-property-group-algebra-2.pdf to fig-universal-property-group-algebra-2.pdf
INFO    : converting fig-universal-property-group-algebra-2.pdf to fig-universal-property-group-algebra-2.svg
INFO    : Removing temporary directory C:\Users\Abhay\AppData\Local\Temp\ptx-usv1x9gy
INFO    : Finished generating assets.

INFO    : Preparing to build into D:\PreTeXt\Algebra-PhD-new\output\web.
INFO    : XSL conversion of D:\PreTeXt\Algebra-PhD-new\source\main.ptx by C:\Users\Abhay\.ptx\2.29.0\core\xsl\utilities\report-publisher-variables.xsl
INFO    : successful application of C:\Users\Abhay\.ptx\2.29.0\core\xsl\utilities\report-publisher-variables.xsl
INFO    : Downloading rs services file from https://runestone.academy/cdn/runestone/latest/webpack_static_imports.xml.
INFO    : Runestone Services via online CDN query: version 7.9.10
INFO    : Downloading Runestone Services, version 7.9.10
INFO    : Extracting Runestone Services from archive file
INFO    : Building custom css theme: theme-default-modern
INFO    : converting D:\PreTeXt\Algebra-PhD-new\source\main.ptx to HTML in C:\Users\Abhay\AppData\Local\Temp\ptx-qf345dcq
INFO    : XSL conversion of D:\PreTeXt\Algebra-PhD-new\source\main.ptx by C:\Users\Abhay\.ptx\2.29.0\core\xsl\pretext-html.xsl
INFO    : successful application of C:\Users\Abhay\.ptx\2.29.0\core\xsl\pretext-html.xsl
INFO    : Removing temporary directory C:\Users\Abhay\AppData\Local\Temp\ptx-qf345dcq
INFO    : Removing temporary directory C:\Users\Abhay\AppData\Local\Temp\ptx-4rhhlftd
INFO    : 
Finished build for target web. Run `pretext view web` to see the results.

INFO    : 
Success!  Built requested target(s) without errors.

INFO    : 
