INFO    : Since no target was supplied, we will use "web".

INFO    : Building target web
INFO    : XSL conversion of /home/abhay/Documents/PreTeXt/Algebra-PhD-new/source/main.ptx by /home/abhay/.ptx/2.29.0/core/xsl/utilities/pretext-enhanced-source.xsl
INFO    : successful application of /home/abhay/.ptx/2.29.0/core/xsl/utilities/pretext-enhanced-source.xsl
INFO    : Generating any needed assets.
INFO    : XSL conversion of /home/abhay/Documents/PreTeXt/Algebra-PhD-new/source/main.ptx by /home/abhay/.ptx/2.29.0/core/xsl/utilities/pretext-enhanced-source.xsl
INFO    : successful application of /home/abhay/.ptx/2.29.0/core/xsl/utilities/pretext-enhanced-source.xsl
INFO    : XSL conversion of /home/abhay/Documents/PreTeXt/Algebra-PhD-new/source/main.ptx by /home/abhay/.ptx/2.29.0/core/xsl/utilities/pretext-enhanced-source.xsl
INFO    : successful application of /home/abhay/.ptx/2.29.0/core/xsl/utilities/pretext-enhanced-source.xsl
INFO    : XSL conversion of /home/abhay/Documents/PreTeXt/Algebra-PhD-new/source/main.ptx by /home/abhay/.ptx/2.29.0/core/xsl/utilities/pretext-enhanced-source.xsl
INFO    : successful application of /home/abhay/.ptx/2.29.0/core/xsl/utilities/pretext-enhanced-source.xsl
INFO    : XSL conversion of /home/abhay/Documents/PreTeXt/Algebra-PhD-new/source/main.ptx by /home/abhay/.ptx/2.29.0/core/xsl/utilities/pretext-enhanced-source.xsl
INFO    : successful application of /home/abhay/.ptx/2.29.0/core/xsl/utilities/pretext-enhanced-source.xsl
INFO    : XSL conversion of /home/abhay/Documents/PreTeXt/Algebra-PhD-new/source/main.ptx by /home/abhay/.ptx/2.29.0/core/xsl/utilities/pretext-enhanced-source.xsl
INFO    : successful application of /home/abhay/.ptx/2.29.0/core/xsl/utilities/pretext-enhanced-source.xsl
INFO    : XSL conversion of /home/abhay/Documents/PreTeXt/Algebra-PhD-new/source/main.ptx by /home/abhay/.ptx/2.29.0/core/xsl/utilities/pretext-enhanced-source.xsl
INFO    : successful application of /home/abhay/.ptx/2.29.0/core/xsl/utilities/pretext-enhanced-source.xsl
INFO    : XSL conversion of /home/abhay/Documents/PreTeXt/Algebra-PhD-new/source/main.ptx by /home/abhay/.ptx/2.29.0/core/xsl/utilities/pretext-enhanced-source.xsl
INFO    : successful application of /home/abhay/.ptx/2.29.0/core/xsl/utilities/pretext-enhanced-source.xsl
INFO    : XSL conversion of /home/abhay/Documents/PreTeXt/Algebra-PhD-new/source/main.ptx by /home/abhay/.ptx/2.29.0/core/xsl/utilities/pretext-enhanced-source.xsl
INFO    : successful application of /home/abhay/.ptx/2.29.0/core/xsl/utilities/pretext-enhanced-source.xsl
INFO    : XSL conversion of /home/abhay/Documents/PreTeXt/Algebra-PhD-new/source/main.ptx by /home/abhay/.ptx/2.29.0/core/xsl/utilities/pretext-enhanced-source.xsl
INFO    : successful application of /home/abhay/.ptx/2.29.0/core/xsl/utilities/pretext-enhanced-source.xsl
INFO    : XSL conversion of /home/abhay/Documents/PreTeXt/Algebra-PhD-new/source/main.ptx by /home/abhay/.ptx/2.29.0/core/xsl/utilities/pretext-enhanced-source.xsl
INFO    : successful application of /home/abhay/.ptx/2.29.0/core/xsl/utilities/pretext-enhanced-source.xsl
INFO    : XSL conversion of /home/abhay/Documents/PreTeXt/Algebra-PhD-new/source/main.ptx by /home/abhay/.ptx/2.29.0/core/xsl/utilities/pretext-enhanced-source.xsl
INFO    : successful application of /home/abhay/.ptx/2.29.0/core/xsl/utilities/pretext-enhanced-source.xsl
INFO    : XSL conversion of /home/abhay/Documents/PreTeXt/Algebra-PhD-new/source/main.ptx by /home/abhay/.ptx/2.29.0/core/xsl/utilities/pretext-enhanced-source.xsl
INFO    : successful application of /home/abhay/.ptx/2.29.0/core/xsl/utilities/pretext-enhanced-source.xsl
INFO    : XSL conversion of /home/abhay/Documents/PreTeXt/Algebra-PhD-new/source/main.ptx by /home/abhay/.ptx/2.29.0/core/xsl/utilities/pretext-enhanced-source.xsl
INFO    : successful application of /home/abhay/.ptx/2.29.0/core/xsl/utilities/pretext-enhanced-source.xsl
INFO    : XSL conversion of /home/abhay/Documents/PreTeXt/Algebra-PhD-new/source/main.ptx by /home/abhay/.ptx/2.29.0/core/xsl/utilities/pretext-enhanced-source.xsl
INFO    : successful application of /home/abhay/.ptx/2.29.0/core/xsl/utilities/pretext-enhanced-source.xsl
INFO    : XSL conversion of /home/abhay/Documents/PreTeXt/Algebra-PhD-new/source/main.ptx by /home/abhay/.ptx/2.29.0/core/xsl/utilities/pretext-enhanced-source.xsl
INFO    : successful application of /home/abhay/.ptx/2.29.0/core/xsl/utilities/pretext-enhanced-source.xsl
INFO    : XSL conversion of /home/abhay/Documents/PreTeXt/Algebra-PhD-new/source/main.ptx by /home/abhay/.ptx/2.29.0/core/xsl/utilities/pretext-enhanced-source.xsl
INFO    : successful application of /home/abhay/.ptx/2.29.0/core/xsl/utilities/pretext-enhanced-source.xsl
INFO    : XSL conversion of /home/abhay/Documents/PreTeXt/Algebra-PhD-new/source/main.ptx by /home/abhay/.ptx/2.29.0/core/xsl/utilities/pretext-enhanced-source.xsl
INFO    : successful application of /home/abhay/.ptx/2.29.0/core/xsl/utilities/pretext-enhanced-source.xsl
INFO    : Finished generating assets.

INFO    : Preparing to build into /home/abhay/Documents/PreTeXt/Algebra-PhD-new/output/web.
INFO    : discovering source file's directory name: /home/abhay/Documents/PreTeXt/Algebra-PhD-new/source
INFO    : verifying and expanding input directory: /home/abhay/Documents/PreTeXt/Algebra-PhD-new/source/../generated-assets
INFO    : input directory expanded to absolute path: /home/abhay/Documents/PreTeXt/Algebra-PhD-new/generated-assets
INFO    : verifying and expanding input directory: /home/abhay/Documents/PreTeXt/Algebra-PhD-new/source/../assets
INFO    : input directory expanded to absolute path: /home/abhay/Documents/PreTeXt/Algebra-PhD-new/assets
INFO    : discovering source file's directory name: /home/abhay/Documents/PreTeXt/Algebra-PhD-new/source
INFO    : XSL conversion of /home/abhay/Documents/PreTeXt/Algebra-PhD-new/source/main.ptx by /home/abhay/.ptx/2.29.0/core/xsl/utilities/report-publisher-variables.xsl
INFO    : successful application of /home/abhay/.ptx/2.29.0/core/xsl/utilities/report-publisher-variables.xsl
INFO    : Downloading rs services file from https://runestone.academy/cdn/runestone/latest/webpack_static_imports.xml.
INFO    : Runestone Services via online CDN query: version 7.9.12
INFO    : Downloading Runestone Services, version 7.9.12
INFO    : Extracting Runestone Services from archive file
INFO    : Building custom css theme: theme-tacoma
INFO    : converting /home/abhay/Documents/PreTeXt/Algebra-PhD-new/source/main.ptx to HTML in /tmp/ptx-qela592j
INFO    : XSL conversion of /home/abhay/Documents/PreTeXt/Algebra-PhD-new/source/main.ptx by /home/abhay/.ptx/2.29.0/core/xsl/pretext-html.xsl
INFO    : messages from the log for XSL processing:
INFO    : * PTX:INFO:   checking ONLY the last TWO YEARS of element deprecations.
Rerun with the string parameter "author.deprecations.all" set to "yes" to check your source against all deprecations.
ERROR   : * PTX:ERROR:   a cross-reference ("xref") uses references [def-semisimpel-module] that do not point to any target, or perhaps point to multiple targets.  Maybe you typed an @xml:id value wrong, maybe the target of the @xml:id is nonexistent, or maybe you temporarily removed the target from your source, or maybe an auxiliary file contains a duplicate.  Your output will contain some placeholder text that you will not want to distribute to your readers.
INFO    : *              located within: "sec-semisimple-modules" (xml:id), "Semisimple modules" (title)
INFO    : successful application of /home/abhay/.ptx/2.29.0/core/xsl/pretext-html.xsl
INFO    : Removing temporary directory /tmp/ptx-qela592j
INFO    : Removing temporary directory /tmp/ptx-zfv1e3ey
INFO    : 
Finished build for target web. Run `pretext view web` to see the results.

CRITICAL: There were errors during the build.  See above.
INFO    : ------------------------
CRITICAL: Failed to build without errors.  Exiting...
INFO    : 
----------------------------------------------------
INFO    : While running pretext, the following errors occurred:

INFO    : (see log messages above or in the 'logs' folder for more information)
INFO    : ----------------------------------------------------
