INFO    : Building target print
INFO    : XSL conversion of D:\PreTeXt\Algebra-PhD-new\source\main.ptx by C:\Users\Abhay\.ptx\2.29.0\core\xsl\utilities\pretext-enhanced-source.xsl
INFO    : successful application of C:\Users\Abhay\.ptx\2.29.0\core\xsl\utilities\pretext-enhanced-source.xsl
INFO    : Generating any needed assets.
INFO    : Finished generating assets.

INFO    : Preparing to build into D:\PreTeXt\Algebra-PhD-new\output\print.
INFO    : discovering source file's directory name: D:\PreTeXt\Algebra-PhD-new\source
INFO    : verifying and expanding input directory: D:\PreTeXt\Algebra-PhD-new\source\../generated-assets
INFO    : input directory expanded to absolute path: D:\PreTeXt\Algebra-PhD-new\generated-assets
INFO    : verifying and expanding input directory: D:\PreTeXt\Algebra-PhD-new\source\../assets
INFO    : input directory expanded to absolute path: D:\PreTeXt\Algebra-PhD-new\assets
INFO    : XSL conversion of D:\PreTeXt\Algebra-PhD-new\source\main.ptx by C:\Users\Abhay\.ptx\2.29.0\core\xsl\utilities\report-publisher-variables.xsl
INFO    : successful application of C:\Users\Abhay\.ptx\2.29.0\core\xsl\utilities\report-publisher-variables.xsl
INFO    : converting D:\PreTeXt\Algebra-PhD-new\source\main.ptx to LaTeX as C:\Users\Abhay\AppData\Local\Temp\ptx-kyvrwabu\main.tex
INFO    : XSL conversion of D:\PreTeXt\Algebra-PhD-new\source\main.ptx by C:\Users\Abhay\.ptx\2.29.0\core\xsl\pretext-latex.xsl
INFO    : messages from the log for XSL processing:
INFO    : * PTX:INFO:   checking ONLY the last TWO YEARS of element deprecations.
Rerun with the string parameter "author.deprecations.all" set to "yes" to check your source against all deprecations.
INFO    : successful application of C:\Users\Abhay\.ptx\2.29.0\core\xsl\pretext-latex.xsl
CRITICAL: [WinError 2] The system cannot find the file specified
INFO    : ------------------------
CRITICAL: Failed to build without errors.  Exiting...
INFO    : 
----------------------------------------------------
INFO    : While running pretext, the following errors occurred:

INFO    : (see log messages above or in the 'logs' folder for more information)
INFO    : ----------------------------------------------------
