INFO    : Now preparing local server to preview your project directory `D:\PreTeXt\Algebra-PhD-new`.
INFO    :   (Reminder: use `pretext deploy` to deploy your built project to a public
INFO    :   GitHub Pages site that can be shared with readers who cannot access your
INFO    :   personal computer.)
INFO    : 
INFO    : starting server ...
INFO    : setting up PreTeXt web server ...
INFO    : Added pretext web server entry 25fde96020 8696 8128 localhost

INFO    : Server will soon be available at http://localhost:8128
INFO    : Opening browser for target `web` at http://localhost:8128/output/web
WARNING : Port 8128 could not be used.
WARNING : Trying port 8129 instead.

INFO    : Added pretext web server entry 25fde96020 8696 8129 localhost

INFO    : Server will soon be available at http://localhost:8129
INFO    : Opening browser for target `web` at http://localhost:8129/output/web
WARNING : Port 8129 could not be used.
WARNING : Trying port 8130 instead.

INFO    : Added pretext web server entry 25fde96020 8696 8130 localhost

INFO    : Server will soon be available at http://localhost:8130
INFO    : Opening browser for target `web` at http://localhost:8130/output/web
WARNING : Port 8130 could not be used.
WARNING : Trying port 8131 instead.

INFO    : Added pretext web server entry 25fde96020 8696 8131 localhost

INFO    : Server will soon be available at http://localhost:8131
INFO    : Opening browser for target `web` at http://localhost:8131/output/web
WARNING : Port 8131 could not be used.
WARNING : Trying port 8132 instead.

INFO    : Added pretext web server entry 25fde96020 8696 8132 localhost

INFO    : Server will soon be available at http://localhost:8132
INFO    : Opening browser for target `web` at http://localhost:8132/output/web
WARNING : Port 8132 could not be used.
WARNING : Trying port 8133 instead.

INFO    : Added pretext web server entry 25fde96020 8696 8133 localhost

INFO    : Server will soon be available at http://localhost:8133
INFO    : Opening browser for target `web` at http://localhost:8133/output/web
WARNING : Port 8133 could not be used.
WARNING : Trying port 8134 instead.

INFO    : Added pretext web server entry 25fde96020 8696 8134 localhost

INFO    : Server will soon be available at http://localhost:8134
INFO    : Opening browser for target `web` at http://localhost:8134/output/web
WARNING : Port 8134 could not be used.
WARNING : Trying port 8135 instead.

INFO    : There are 10 or more servers on file. Cleaning up ...
ERROR   : Attempt to terminate PreTeXt web server failed for process 2400 on port 8128.
